INFO:__main__:å¯åŠ¨æœºæ„è¡Œä¸ºç›‘æ§æœåŠ¡...
 * Serving Flask app 'institutional_service'
 * Debug mode: on
INFO:werkzeug:[31m[1mWARNING: This is a development server. Do not use it in a production deployment. Use a production WSGI server instead.[0m
 * Running on all addresses (0.0.0.0)
 * Running on http://127.0.0.1:5011
 * Running on http://198.18.0.1:5011
INFO:werkzeug:[33mPress CTRL+C to quit[0m
INFO:werkzeug: * Restarting with stat
INFO:__main__:å¯åŠ¨æœºæ„è¡Œä¸ºç›‘æ§æœåŠ¡...
WARNING:werkzeug: * Debugger is active!
INFO:werkzeug: * Debugger PIN: 140-026-890
INFO:werkzeug:127.0.0.1 - - [16/Nov/2025 06:36:37] "GET /health HTTP/1.1" 200 -
INFO:werkzeug:127.0.0.1 - - [16/Nov/2025 06:36:43] "GET /api/institutional/overview HTTP/1.1" 200 -
INFO:werkzeug:127.0.0.1 - - [16/Nov/2025 06:36:56] "GET /api/institutional/overview HTTP/1.1" 200 -
INFO:werkzeug:127.0.0.1 - - [16/Nov/2025 06:41:56] "GET /api/institutional/overview HTTP/1.1" 200 -
INFO:werkzeug:127.0.0.1 - - [16/Nov/2025 06:42:34] "GET /api/institutional/etf HTTP/1.1" 200 -
INFO:werkzeug: * Detected change in '/Users/aaron/Marketbrew/market_mood_analyzer.py', reloading
INFO:werkzeug: * Restarting with stat
INFO:__main__:å¯åŠ¨æœºæ„è¡Œä¸ºç›‘æ§æœåŠ¡...
WARNING:werkzeug: * Debugger is active!
INFO:werkzeug: * Debugger PIN: 140-026-890
INFO:werkzeug:127.0.0.1 - - [16/Nov/2025 06:46:05] "GET /api/institutional/overview HTTP/1.1" 200 -
INFO:werkzeug: * Detected change in '/Users/aaron/Marketbrew/institutional_monitor.py', reloading
INFO:werkzeug: * Restarting with stat
INFO:__main__:å¯åŠ¨æœºæ„è¡Œä¸ºç›‘æ§æœåŠ¡...
WARNING:werkzeug: * Debugger is active!
INFO:werkzeug: * Debugger PIN: 140-026-890
INFO:werkzeug:127.0.0.1 - - [16/Nov/2025 06:48:40] "GET /api/institutional/etf HTTP/1.1" 200 -
INFO:werkzeug:127.0.0.1 - - [16/Nov/2025 06:48:50] "GET /api/institutional/overview HTTP/1.1" 200 -
INFO:werkzeug: * Detected change in '/Users/aaron/Marketbrew/institutional_monitor.py', reloading
INFO:werkzeug: * Restarting with stat
INFO:__main__:å¯åŠ¨æœºæ„è¡Œä¸ºç›‘æ§æœåŠ¡...
WARNING:werkzeug: * Debugger is active!
INFO:werkzeug: * Debugger PIN: 140-026-890
INFO:werkzeug:127.0.0.1 - - [16/Nov/2025 06:59:04] "GET /api/institutional/etf HTTP/1.1" 200 -
INFO:werkzeug:127.0.0.1 - - [16/Nov/2025 06:59:17] "GET /api/institutional/overview HTTP/1.1" 200 -
INFO:werkzeug: * Detected change in '/Users/aaron/Marketbrew/institutional_monitor.py', reloading
INFO:werkzeug: * Restarting with stat
INFO:__main__:å¯åŠ¨æœºæ„è¡Œä¸ºç›‘æ§æœåŠ¡...
WARNING:werkzeug: * Debugger is active!
INFO:werkzeug: * Debugger PIN: 140-026-890
INFO:werkzeug:127.0.0.1 - - [16/Nov/2025 07:01:48] "GET /api/institutional/etf HTTP/1.1" 200 -
INFO:werkzeug:127.0.0.1 - - [16/Nov/2025 07:01:58] "GET /api/institutional/overview HTTP/1.1" 200 -
INFO:werkzeug: * Detected change in '/Users/aaron/Marketbrew/market_mood_analyzer.py', reloading
INFO:werkzeug: * Restarting with stat
INFO:__main__:å¯åŠ¨æœºæ„è¡Œä¸ºç›‘æ§æœåŠ¡...
WARNING:werkzeug: * Debugger is active!
INFO:werkzeug: * Debugger PIN: 140-026-890
INFO:werkzeug: * Detected change in '/Users/aaron/Marketbrew/market_mood_analyzer.py', reloading
INFO:werkzeug: * Restarting with stat
INFO:__main__:å¯åŠ¨æœºæ„è¡Œä¸ºç›‘æ§æœåŠ¡...
WARNING:werkzeug: * Debugger is active!
INFO:werkzeug: * Debugger PIN: 140-026-890
INFO:werkzeug: * Detected change in '/Users/aaron/Marketbrew/real_data_fetcher.py', reloading
INFO:werkzeug: * Restarting with stat
INFO:__main__:å¯åŠ¨æœºæ„è¡Œä¸ºç›‘æ§æœåŠ¡...
WARNING:werkzeug: * Debugger is active!
INFO:werkzeug: * Debugger PIN: 140-026-890
INFO:werkzeug: * Detected change in '/Users/aaron/Marketbrew/data_source_service.py', reloading
INFO:werkzeug: * Restarting with stat
INFO:__main__:å¯åŠ¨æœºæ„è¡Œä¸ºç›‘æ§æœåŠ¡...
WARNING:werkzeug: * Debugger is active!
INFO:werkzeug: * Debugger PIN: 140-026-890
INFO:werkzeug:127.0.0.1 - - [16/Nov/2025 10:24:39] "GET /api/institutional/overview HTTP/1.1" 200 -
INFO:werkzeug: * Detected change in '/Users/aaron/Library/Python/3.9/lib/python/site-packages/akshare/stock/stock_allotment_cninfo.py', reloading
INFO:werkzeug: * Restarting with stat
INFO:__main__:å¯åŠ¨æœºæ„è¡Œä¸ºç›‘æ§æœåŠ¡...
WARNING:werkzeug: * Debugger is active!
INFO:werkzeug: * Debugger PIN: 140-026-890
INFO:werkzeug: * Detected change in '/Users/aaron/Marketbrew/market_mood_analyzer.py', reloading
INFO:werkzeug: * Restarting with stat
INFO:__main__:å¯åŠ¨æœºæ„è¡Œä¸ºç›‘æ§æœåŠ¡...
WARNING:werkzeug: * Debugger is active!
INFO:werkzeug: * Debugger PIN: 140-026-890
INFO:werkzeug: * Detected change in '/Users/aaron/Marketbrew/market_mood_analyzer.py', reloading
INFO:werkzeug: * Restarting with stat
INFO:__main__:å¯åŠ¨æœºæ„è¡Œä¸ºç›‘æ§æœåŠ¡...
WARNING:werkzeug: * Debugger is active!
INFO:werkzeug: * Debugger PIN: 140-026-890
INFO:werkzeug: * Detected change in '/Users/aaron/Marketbrew/market_mood_analyzer.py', reloading
INFO:werkzeug: * Restarting with stat
INFO:__main__:å¯åŠ¨æœºæ„è¡Œä¸ºç›‘æ§æœåŠ¡...
WARNING:werkzeug: * Debugger is active!
INFO:werkzeug: * Debugger PIN: 140-026-890
INFO:werkzeug:127.0.0.1 - - [16/Nov/2025 10:41:07] "GET /api/institutional/overview HTTP/1.1" 200 -
INFO:werkzeug: * Detected change in '/Users/aaron/Marketbrew/market_mood_analyzer.py', reloading
INFO:werkzeug: * Restarting with stat
INFO:__main__:å¯åŠ¨æœºæ„è¡Œä¸ºç›‘æ§æœåŠ¡...
WARNING:werkzeug: * Debugger is active!
INFO:werkzeug: * Debugger PIN: 140-026-890
INFO:werkzeug: * Detected change in '/Users/aaron/Marketbrew/market_mood_analyzer.py', reloading
INFO:werkzeug: * Restarting with stat
INFO:__main__:å¯åŠ¨æœºæ„è¡Œä¸ºç›‘æ§æœåŠ¡...
WARNING:werkzeug: * Debugger is active!
INFO:werkzeug: * Debugger PIN: 140-026-890
INFO:werkzeug:127.0.0.1 - - [17/Nov/2025 22:31:52] "GET /api/institutional/overview HTTP/1.1" 200 -
INFO:werkzeug: * Detected change in '/Users/aaron/Marketbrew/market_temperature_analyzer.py', reloading
INFO:werkzeug: * Restarting with stat
INFO:__main__:å¯åŠ¨æœºæ„è¡Œä¸ºç›‘æ§æœåŠ¡...
WARNING:werkzeug: * Debugger is active!
INFO:werkzeug: * Debugger PIN: 140-026-890
INFO:werkzeug: * Detected change in '/Users/aaron/Marketbrew/market_temperature_analyzer.py', reloading
INFO:werkzeug: * Restarting with stat
INFO:__main__:å¯åŠ¨æœºæ„è¡Œä¸ºç›‘æ§æœåŠ¡...
WARNING:werkzeug: * Debugger is active!
INFO:werkzeug: * Debugger PIN: 140-026-890
INFO:werkzeug: * Detected change in '/Users/aaron/Marketbrew/market_temperature_analyzer.py', reloading
INFO:werkzeug: * Restarting with stat
INFO:__main__:å¯åŠ¨æœºæ„è¡Œä¸ºç›‘æ§æœåŠ¡...
WARNING:werkzeug: * Debugger is active!
INFO:werkzeug: * Debugger PIN: 140-026-890
INFO:werkzeug: * Detected change in '/Users/aaron/Marketbrew/market_temperature_analyzer.py', reloading
INFO:werkzeug: * Restarting with stat
INFO:__main__:å¯åŠ¨æœºæ„è¡Œä¸ºç›‘æ§æœåŠ¡...
WARNING:werkzeug: * Debugger is active!
INFO:werkzeug: * Debugger PIN: 140-026-890
INFO:werkzeug: * Detected change in '/Users/aaron/Marketbrew/market_temperature_analyzer.py', reloading
INFO:werkzeug: * Restarting with stat
INFO:__main__:å¯åŠ¨æœºæ„è¡Œä¸ºç›‘æ§æœåŠ¡...
WARNING:werkzeug: * Debugger is active!
INFO:werkzeug: * Debugger PIN: 140-026-890
INFO:werkzeug: * Detected change in '/Users/aaron/Marketbrew/market_temperature_analyzer.py', reloading
INFO:werkzeug: * Restarting with stat
INFO:__main__:å¯åŠ¨æœºæ„è¡Œä¸ºç›‘æ§æœåŠ¡...
WARNING:werkzeug: * Debugger is active!
INFO:werkzeug: * Debugger PIN: 140-026-890
INFO:werkzeug: * Detected change in '/Users/aaron/Marketbrew/market_temperature_analyzer.py', reloading
INFO:werkzeug: * Restarting with stat
INFO:__main__:å¯åŠ¨æœºæ„è¡Œä¸ºç›‘æ§æœåŠ¡...
WARNING:werkzeug: * Debugger is active!
INFO:werkzeug: * Debugger PIN: 140-026-890
INFO:werkzeug: * Detected change in '/Users/aaron/Marketbrew/market_temperature_analyzer.py', reloading
INFO:werkzeug: * Restarting with stat
INFO:__main__:å¯åŠ¨æœºæ„è¡Œä¸ºç›‘æ§æœåŠ¡...
WARNING:werkzeug: * Debugger is active!
INFO:werkzeug: * Debugger PIN: 140-026-890
INFO:werkzeug: * Detected change in '/Users/aaron/Marketbrew/market_temperature_analyzer.py', reloading
INFO:werkzeug: * Restarting with stat
INFO:__main__:å¯åŠ¨æœºæ„è¡Œä¸ºç›‘æ§æœåŠ¡...
WARNING:werkzeug: * Debugger is active!
INFO:werkzeug: * Debugger PIN: 140-026-890
INFO:werkzeug: * Detected change in '/Users/aaron/Marketbrew/market_temperature_analyzer.py', reloading
INFO:werkzeug: * Restarting with stat
INFO:__main__:å¯åŠ¨æœºæ„è¡Œä¸ºç›‘æ§æœåŠ¡...
WARNING:werkzeug: * Debugger is active!
INFO:werkzeug: * Debugger PIN: 140-026-890
INFO:werkzeug: * Detected change in '/Users/aaron/Marketbrew/market_temperature_analyzer.py', reloading
INFO:werkzeug: * Restarting with stat
INFO:__main__:å¯åŠ¨æœºæ„è¡Œä¸ºç›‘æ§æœåŠ¡...
WARNING:werkzeug: * Debugger is active!
INFO:werkzeug: * Debugger PIN: 140-026-890
INFO:werkzeug: * Detected change in '/Users/aaron/Marketbrew/enhanced_market_temperature_service.py', reloading
INFO:werkzeug: * Restarting with stat
INFO:__main__:å¯åŠ¨æœºæ„è¡Œä¸ºç›‘æ§æœåŠ¡...
WARNING:werkzeug: * Debugger is active!
INFO:werkzeug: * Debugger PIN: 140-026-890
INFO:werkzeug: * Detected change in '/Users/aaron/Marketbrew/enhanced_market_temperature_service.py', reloading
INFO:werkzeug: * Restarting with stat
INFO:__main__:å¯åŠ¨æœºæ„è¡Œä¸ºç›‘æ§æœåŠ¡...
WARNING:werkzeug: * Debugger is active!
INFO:werkzeug: * Debugger PIN: 140-026-890
INFO:werkzeug: * Detected change in '/Users/aaron/Marketbrew/market_temperature_analyzer.py', reloading
INFO:werkzeug: * Restarting with stat
INFO:__main__:å¯åŠ¨æœºæ„è¡Œä¸ºç›‘æ§æœåŠ¡...
WARNING:werkzeug: * Debugger is active!
INFO:werkzeug: * Debugger PIN: 140-026-890
INFO:werkzeug: * Detected change in '/Users/aaron/Marketbrew/market_temperature_analyzer.py', reloading
INFO:werkzeug: * Restarting with stat
INFO:__main__:å¯åŠ¨æœºæ„è¡Œä¸ºç›‘æ§æœåŠ¡...
WARNING:werkzeug: * Debugger is active!
INFO:werkzeug: * Debugger PIN: 140-026-890
INFO:werkzeug: * Detected change in '/Users/aaron/Marketbrew/market_temperature_analyzer.py', reloading
INFO:werkzeug: * Restarting with stat
INFO:__main__:å¯åŠ¨æœºæ„è¡Œä¸ºç›‘æ§æœåŠ¡...
WARNING:werkzeug: * Debugger is active!
INFO:werkzeug: * Debugger PIN: 140-026-890
INFO:werkzeug: * Detected change in '/Users/aaron/Marketbrew/market_temperature_analyzer.py', reloading
INFO:werkzeug: * Restarting with stat
INFO:__main__:å¯åŠ¨æœºæ„è¡Œä¸ºç›‘æ§æœåŠ¡...
WARNING:werkzeug: * Debugger is active!
INFO:werkzeug: * Debugger PIN: 140-026-890
INFO:werkzeug: * Detected change in '/Users/aaron/Marketbrew/market_temperature_analyzer.py', reloading
INFO:werkzeug: * Restarting with stat
INFO:__main__:å¯åŠ¨æœºæ„è¡Œä¸ºç›‘æ§æœåŠ¡...
WARNING:werkzeug: * Debugger is active!
INFO:werkzeug: * Debugger PIN: 140-026-890
INFO:werkzeug: * Detected change in '/Users/aaron/Marketbrew/market_temperature_analyzer.py', reloading
INFO:werkzeug: * Restarting with stat
INFO:__main__:å¯åŠ¨æœºæ„è¡Œä¸ºç›‘æ§æœåŠ¡...
WARNING:werkzeug: * Debugger is active!
INFO:werkzeug: * Debugger PIN: 140-026-890
INFO:werkzeug: * Detected change in '/Users/aaron/Marketbrew/market_temperature_analyzer.py', reloading
INFO:werkzeug: * Restarting with stat
INFO:__main__:å¯åŠ¨æœºæ„è¡Œä¸ºç›‘æ§æœåŠ¡...
WARNING:werkzeug: * Debugger is active!
INFO:werkzeug: * Debugger PIN: 140-026-890
INFO:werkzeug: * Detected change in '/Users/aaron/Marketbrew/market_temperature_analyzer.py', reloading
INFO:werkzeug: * Restarting with stat
INFO:__main__:å¯åŠ¨æœºæ„è¡Œä¸ºç›‘æ§æœåŠ¡...
WARNING:werkzeug: * Debugger is active!
INFO:werkzeug: * Debugger PIN: 140-026-890
INFO:werkzeug: * Detected change in '/Users/aaron/Marketbrew/market_temperature_analyzer.py', reloading
INFO:werkzeug: * Restarting with stat
INFO:__main__:å¯åŠ¨æœºæ„è¡Œä¸ºç›‘æ§æœåŠ¡...
WARNING:werkzeug: * Debugger is active!
INFO:werkzeug: * Debugger PIN: 140-026-890
INFO:werkzeug: * Detected change in '/Users/aaron/Marketbrew/market_temperature_analyzer.py', reloading
INFO:werkzeug: * Restarting with stat
INFO:__main__:å¯åŠ¨æœºæ„è¡Œä¸ºç›‘æ§æœåŠ¡...
WARNING:werkzeug: * Debugger is active!
INFO:werkzeug: * Debugger PIN: 140-026-890
INFO:werkzeug: * Detected change in '/Users/aaron/Marketbrew/market_temperature_analyzer.py', reloading
INFO:werkzeug: * Restarting with stat
INFO:__main__:å¯åŠ¨æœºæ„è¡Œä¸ºç›‘æ§æœåŠ¡...
WARNING:werkzeug: * Debugger is active!
INFO:werkzeug: * Debugger PIN: 140-026-890
INFO:werkzeug: * Detected change in '/Users/aaron/Marketbrew/market_temperature_analyzer.py', reloading
INFO:werkzeug: * Restarting with stat
INFO:__main__:å¯åŠ¨æœºæ„è¡Œä¸ºç›‘æ§æœåŠ¡...
WARNING:werkzeug: * Debugger is active!
INFO:werkzeug: * Debugger PIN: 140-026-890
INFO:werkzeug: * Detected change in '/Users/aaron/Marketbrew/enhanced_market_temperature_service.py', reloading
INFO:werkzeug: * Restarting with stat
INFO:__main__:å¯åŠ¨æœºæ„è¡Œä¸ºç›‘æ§æœåŠ¡...
WARNING:werkzeug: * Debugger is active!
INFO:werkzeug: * Debugger PIN: 140-026-890
INFO:werkzeug: * Detected change in '/Users/aaron/Marketbrew/enhanced_market_temperature_service.py', reloading
INFO:werkzeug: * Restarting with stat
INFO:__main__:å¯åŠ¨æœºæ„è¡Œä¸ºç›‘æ§æœåŠ¡...
WARNING:werkzeug: * Debugger is active!
INFO:werkzeug: * Debugger PIN: 140-026-890
INFO:werkzeug: * Detected change in '/Users/aaron/Marketbrew/enhanced_market_temperature_service.py', reloading
INFO:werkzeug: * Restarting with stat
INFO:__main__:å¯åŠ¨æœºæ„è¡Œä¸ºç›‘æ§æœåŠ¡...
WARNING:werkzeug: * Debugger is active!
INFO:werkzeug: * Debugger PIN: 140-026-890
INFO:werkzeug: * Detected change in '/Users/aaron/Marketbrew/enhanced_market_temperature_service.py', reloading
INFO:werkzeug: * Restarting with stat
INFO:__main__:å¯åŠ¨æœºæ„è¡Œä¸ºç›‘æ§æœåŠ¡...
WARNING:werkzeug: * Debugger is active!
INFO:werkzeug: * Debugger PIN: 140-026-890
INFO:werkzeug: * Detected change in '/Users/aaron/Marketbrew/market_temperature_analyzer.py', reloading
INFO:werkzeug: * Restarting with stat
INFO:__main__:å¯åŠ¨æœºæ„è¡Œä¸ºç›‘æ§æœåŠ¡...
WARNING:werkzeug: * Debugger is active!
INFO:werkzeug: * Debugger PIN: 140-026-890
INFO:werkzeug: * Detected change in '/Users/aaron/Marketbrew/market_temperature_analyzer.py', reloading
INFO:werkzeug: * Restarting with stat
INFO:__main__:å¯åŠ¨æœºæ„è¡Œä¸ºç›‘æ§æœåŠ¡...
WARNING:werkzeug: * Debugger is active!
INFO:werkzeug: * Debugger PIN: 140-026-890
INFO:werkzeug: * Detected change in '/Users/aaron/Marketbrew/market_temperature_analyzer.py', reloading
INFO:werkzeug: * Restarting with stat
INFO:__main__:å¯åŠ¨æœºæ„è¡Œä¸ºç›‘æ§æœåŠ¡...
WARNING:werkzeug: * Debugger is active!
INFO:werkzeug: * Debugger PIN: 140-026-890
INFO:werkzeug: * Detected change in '/Users/aaron/Marketbrew/market_temperature_analyzer.py', reloading
INFO:werkzeug: * Restarting with stat
INFO:__main__:å¯åŠ¨æœºæ„è¡Œä¸ºç›‘æ§æœåŠ¡...
WARNING:werkzeug: * Debugger is active!
INFO:werkzeug: * Debugger PIN: 140-026-890
INFO:werkzeug: * Detected change in '/Users/aaron/Marketbrew/market_temperature_analyzer.py', reloading
INFO:werkzeug: * Restarting with stat
INFO:__main__:å¯åŠ¨æœºæ„è¡Œä¸ºç›‘æ§æœåŠ¡...
WARNING:werkzeug: * Debugger is active!
INFO:werkzeug: * Debugger PIN: 140-026-890
INFO:werkzeug: * Detected change in '/Users/aaron/Marketbrew/market_temperature_analyzer.py', reloading
INFO:werkzeug: * Restarting with stat
INFO:__main__:å¯åŠ¨æœºæ„è¡Œä¸ºç›‘æ§æœåŠ¡...
WARNING:werkzeug: * Debugger is active!
INFO:werkzeug: * Debugger PIN: 140-026-890
INFO:werkzeug: * Detected change in '/Users/aaron/Marketbrew/market_temperature_analyzer.py', reloading
INFO:werkzeug: * Restarting with stat
INFO:__main__:å¯åŠ¨æœºæ„è¡Œä¸ºç›‘æ§æœåŠ¡...
WARNING:werkzeug: * Debugger is active!
INFO:werkzeug: * Debugger PIN: 140-026-890
INFO:werkzeug: * Detected change in '/Users/aaron/Marketbrew/market_temperature_analyzer.py', reloading
INFO:werkzeug: * Restarting with stat
INFO:__main__:å¯åŠ¨æœºæ„è¡Œä¸ºç›‘æ§æœåŠ¡...
WARNING:werkzeug: * Debugger is active!
INFO:werkzeug: * Debugger PIN: 140-026-890
INFO:werkzeug: * Detected change in '/Users/aaron/Marketbrew/enhanced_market_temperature_service.py', reloading
INFO:werkzeug: * Restarting with stat
INFO:__main__:å¯åŠ¨æœºæ„è¡Œä¸ºç›‘æ§æœåŠ¡...
WARNING:werkzeug: * Debugger is active!
INFO:werkzeug: * Debugger PIN: 140-026-890
INFO:werkzeug: * Detected change in '/Users/aaron/Marketbrew/enhanced_market_temperature_service.py', reloading
INFO:werkzeug: * Restarting with stat
INFO:__main__:å¯åŠ¨æœºæ„è¡Œä¸ºç›‘æ§æœåŠ¡...
WARNING:werkzeug: * Debugger is active!
INFO:werkzeug: * Debugger PIN: 140-026-890
INFO:werkzeug: * Detected change in '/Users/aaron/Marketbrew/enhanced_market_temperature_service.py', reloading
INFO:werkzeug: * Restarting with stat
INFO:__main__:å¯åŠ¨æœºæ„è¡Œä¸ºç›‘æ§æœåŠ¡...
WARNING:werkzeug: * Debugger is active!
INFO:werkzeug: * Debugger PIN: 140-026-890
INFO:werkzeug: * Detected change in '/Users/aaron/Marketbrew/market_temperature_analyzer.py', reloading
INFO:werkzeug: * Restarting with stat
INFO:__main__:å¯åŠ¨æœºæ„è¡Œä¸ºç›‘æ§æœåŠ¡...
WARNING:werkzeug: * Debugger is active!
INFO:werkzeug: * Debugger PIN: 140-026-890
INFO:werkzeug: * Detected change in '/Users/aaron/Marketbrew/market_temperature_analyzer.py', reloading
INFO:werkzeug: * Restarting with stat
INFO:__main__:å¯åŠ¨æœºæ„è¡Œä¸ºç›‘æ§æœåŠ¡...
WARNING:werkzeug: * Debugger is active!
INFO:werkzeug: * Debugger PIN: 140-026-890
INFO:werkzeug: * Detected change in '/Users/aaron/Marketbrew/market_temperature_analyzer.py', reloading
INFO:werkzeug: * Restarting with stat
INFO:__main__:å¯åŠ¨æœºæ„è¡Œä¸ºç›‘æ§æœåŠ¡...
WARNING:werkzeug: * Debugger is active!
INFO:werkzeug: * Debugger PIN: 140-026-890
INFO:werkzeug: * Detected change in '/Users/aaron/Marketbrew/market_temperature_analyzer.py', reloading
INFO:werkzeug: * Restarting with stat
INFO:__main__:å¯åŠ¨æœºæ„è¡Œä¸ºç›‘æ§æœåŠ¡...
WARNING:werkzeug: * Debugger is active!
INFO:werkzeug: * Debugger PIN: 140-026-890
INFO:werkzeug: * Detected change in '/Users/aaron/Marketbrew/market_temperature_analyzer.py', reloading
INFO:werkzeug: * Restarting with stat
INFO:__main__:å¯åŠ¨æœºæ„è¡Œä¸ºç›‘æ§æœåŠ¡...
WARNING:werkzeug: * Debugger is active!
INFO:werkzeug: * Debugger PIN: 140-026-890
INFO:werkzeug: * Detected change in '/Users/aaron/Marketbrew/market_temperature_analyzer.py', reloading
INFO:werkzeug: * Restarting with stat
INFO:__main__:å¯åŠ¨æœºæ„è¡Œä¸ºç›‘æ§æœåŠ¡...
WARNING:werkzeug: * Debugger is active!
INFO:werkzeug: * Debugger PIN: 140-026-890
INFO:werkzeug: * Detected change in '/Users/aaron/Marketbrew/market_temperature_analyzer.py', reloading
INFO:werkzeug: * Restarting with stat
INFO:__main__:å¯åŠ¨æœºæ„è¡Œä¸ºç›‘æ§æœåŠ¡...
WARNING:werkzeug: * Debugger is active!
INFO:werkzeug: * Debugger PIN: 140-026-890
INFO:werkzeug: * Detected change in '/Users/aaron/Marketbrew/enhanced_market_temperature_service.py', reloading
INFO:werkzeug: * Restarting with stat
INFO:__main__:å¯åŠ¨æœºæ„è¡Œä¸ºç›‘æ§æœåŠ¡...
WARNING:werkzeug: * Debugger is active!
INFO:werkzeug: * Debugger PIN: 140-026-890
INFO:werkzeug: * Detected change in '/Users/aaron/Marketbrew/enhanced_market_temperature_service.py', reloading
INFO:werkzeug: * Restarting with stat
INFO:__main__:å¯åŠ¨æœºæ„è¡Œä¸ºç›‘æ§æœåŠ¡...
WARNING:werkzeug: * Debugger is active!
INFO:werkzeug: * Debugger PIN: 140-026-890
INFO:werkzeug: * Detected change in '/Users/aaron/Marketbrew/enhanced_market_temperature_service.py', reloading
INFO:werkzeug: * Restarting with stat
INFO:__main__:å¯åŠ¨æœºæ„è¡Œä¸ºç›‘æ§æœåŠ¡...
WARNING:werkzeug: * Debugger is active!
INFO:werkzeug: * Debugger PIN: 140-026-890
INFO:werkzeug: * Detected change in '/Users/aaron/Marketbrew/money_flow_analyzer.py', reloading
INFO:werkzeug: * Restarting with stat
INFO:__main__:å¯åŠ¨æœºæ„è¡Œä¸ºç›‘æ§æœåŠ¡...
WARNING:werkzeug: * Debugger is active!
INFO:werkzeug: * Debugger PIN: 140-026-890
INFO:werkzeug: * Detected change in '/Users/aaron/Marketbrew/money_flow_analyzer.py', reloading
INFO:werkzeug: * Restarting with stat
INFO:__main__:å¯åŠ¨æœºæ„è¡Œä¸ºç›‘æ§æœåŠ¡...
WARNING:werkzeug: * Debugger is active!
INFO:werkzeug: * Debugger PIN: 140-026-890
INFO:werkzeug: * Detected change in '/Users/aaron/Marketbrew/money_flow_analyzer.py', reloading
INFO:werkzeug: * Restarting with stat
INFO:__main__:å¯åŠ¨æœºæ„è¡Œä¸ºç›‘æ§æœåŠ¡...
WARNING:werkzeug: * Debugger is active!
INFO:werkzeug: * Debugger PIN: 140-026-890
INFO:werkzeug: * Detected change in '/Users/aaron/Marketbrew/money_flow_analyzer.py', reloading
INFO:werkzeug: * Restarting with stat
INFO:__main__:å¯åŠ¨æœºæ„è¡Œä¸ºç›‘æ§æœåŠ¡...
WARNING:werkzeug: * Debugger is active!
INFO:werkzeug: * Debugger PIN: 140-026-890
INFO:werkzeug: * Detected change in '/Users/aaron/Marketbrew/money_flow_analyzer.py', reloading
INFO:werkzeug: * Restarting with stat
INFO:__main__:å¯åŠ¨æœºæ„è¡Œä¸ºç›‘æ§æœåŠ¡...
WARNING:werkzeug: * Debugger is active!
INFO:werkzeug: * Debugger PIN: 140-026-890
INFO:werkzeug: * Detected change in '/Users/aaron/Marketbrew/market_temperature_analyzer.py', reloading
INFO:werkzeug: * Restarting with stat
INFO:__main__:å¯åŠ¨æœºæ„è¡Œä¸ºç›‘æ§æœåŠ¡...
WARNING:werkzeug: * Debugger is active!
INFO:werkzeug: * Debugger PIN: 140-026-890
INFO:werkzeug: * Detected change in '/Users/aaron/Marketbrew/market_temperature_analyzer.py', reloading
INFO:werkzeug: * Restarting with stat
INFO:__main__:å¯åŠ¨æœºæ„è¡Œä¸ºç›‘æ§æœåŠ¡...
WARNING:werkzeug: * Debugger is active!
INFO:werkzeug: * Debugger PIN: 140-026-890
INFO:werkzeug: * Detected change in '/Users/aaron/Marketbrew/market_temperature_analyzer.py', reloading
INFO:werkzeug: * Restarting with stat
INFO:__main__:å¯åŠ¨æœºæ„è¡Œä¸ºç›‘æ§æœåŠ¡...
WARNING:werkzeug: * Debugger is active!
INFO:werkzeug: * Debugger PIN: 140-026-890
INFO:werkzeug: * Detected change in '/Users/aaron/Marketbrew/market_temperature_analyzer.py', reloading
INFO:werkzeug: * Restarting with stat
INFO:__main__:å¯åŠ¨æœºæ„è¡Œä¸ºç›‘æ§æœåŠ¡...
WARNING:werkzeug: * Debugger is active!
INFO:werkzeug: * Debugger PIN: 140-026-890
INFO:werkzeug: * Detected change in '/Users/aaron/Marketbrew/market_temperature_analyzer.py', reloading
INFO:werkzeug: * Restarting with stat
INFO:__main__:å¯åŠ¨æœºæ„è¡Œä¸ºç›‘æ§æœåŠ¡...
WARNING:werkzeug: * Debugger is active!
INFO:werkzeug: * Debugger PIN: 140-026-890
INFO:werkzeug: * Detected change in '/Users/aaron/Marketbrew/market_temperature_analyzer.py', reloading
INFO:werkzeug: * Restarting with stat
INFO:__main__:å¯åŠ¨æœºæ„è¡Œä¸ºç›‘æ§æœåŠ¡...
WARNING:werkzeug: * Debugger is active!
INFO:werkzeug: * Debugger PIN: 140-026-890
INFO:werkzeug: * Detected change in '/Users/aaron/Marketbrew/market_temperature_analyzer.py', reloading
INFO:werkzeug: * Restarting with stat
INFO:__main__:å¯åŠ¨æœºæ„è¡Œä¸ºç›‘æ§æœåŠ¡...
WARNING:werkzeug: * Debugger is active!
INFO:werkzeug: * Debugger PIN: 140-026-890
INFO:werkzeug: * Detected change in '/Users/aaron/Marketbrew/market_temperature_analyzer.py', reloading
INFO:werkzeug: * Restarting with stat
INFO:__main__:å¯åŠ¨æœºæ„è¡Œä¸ºç›‘æ§æœåŠ¡...
WARNING:werkzeug: * Debugger is active!
INFO:werkzeug: * Debugger PIN: 140-026-890
INFO:werkzeug: * Detected change in '/Users/aaron/Marketbrew/enhanced_market_temperature_service.py', reloading
INFO:werkzeug: * Restarting with stat
INFO:__main__:å¯åŠ¨æœºæ„è¡Œä¸ºç›‘æ§æœåŠ¡...
WARNING:werkzeug: * Debugger is active!
INFO:werkzeug: * Debugger PIN: 140-026-890
INFO:werkzeug:127.0.0.1 - - [20/Nov/2025 03:26:08] "GET /api/institutional/overview HTTP/1.1" 200 -
INFO:werkzeug: * Detected change in '/Users/aaron/Marketbrew/money_flow_analyzer.py', reloading
INFO:werkzeug: * Restarting with stat
INFO:__main__:å¯åŠ¨æœºæ„è¡Œä¸ºç›‘æ§æœåŠ¡...
WARNING:werkzeug: * Debugger is active!
INFO:werkzeug: * Debugger PIN: 140-026-890
INFO:werkzeug: * Detected change in '/Users/aaron/Marketbrew/money_flow_analyzer.py', reloading
INFO:werkzeug: * Restarting with stat
INFO:__main__:å¯åŠ¨æœºæ„è¡Œä¸ºç›‘æ§æœåŠ¡...
WARNING:werkzeug: * Debugger is active!
INFO:werkzeug: * Debugger PIN: 140-026-890
INFO:werkzeug: * Detected change in '/Users/aaron/Marketbrew/market_sentiment_analyzer.py', reloading
INFO:werkzeug: * Restarting with stat
INFO:__main__:å¯åŠ¨æœºæ„è¡Œä¸ºç›‘æ§æœåŠ¡...
WARNING:werkzeug: * Debugger is active!
INFO:werkzeug: * Debugger PIN: 140-026-890
INFO:werkzeug: * Detected change in '/Users/aaron/Marketbrew/market_sentiment_analyzer.py', reloading
INFO:werkzeug: * Restarting with stat
INFO:__main__:å¯åŠ¨æœºæ„è¡Œä¸ºç›‘æ§æœåŠ¡...
WARNING:werkzeug: * Debugger is active!
INFO:werkzeug: * Debugger PIN: 140-026-890
INFO:werkzeug: * Detected change in '/Users/aaron/Marketbrew/market_sentiment_analyzer.py', reloading
INFO:werkzeug: * Restarting with stat
INFO:__main__:å¯åŠ¨æœºæ„è¡Œä¸ºç›‘æ§æœåŠ¡...
WARNING:werkzeug: * Debugger is active!
INFO:werkzeug: * Debugger PIN: 140-026-890
INFO:werkzeug: * Detected change in '/Users/aaron/Marketbrew/market_sentiment_analyzer.py', reloading
INFO:werkzeug: * Restarting with stat
INFO:__main__:å¯åŠ¨æœºæ„è¡Œä¸ºç›‘æ§æœåŠ¡...
WARNING:werkzeug: * Debugger is active!
INFO:werkzeug: * Debugger PIN: 140-026-890
INFO:werkzeug: * Detected change in '/Users/aaron/Marketbrew/market_sentiment_analyzer.py', reloading
INFO:werkzeug: * Restarting with stat
INFO:__main__:å¯åŠ¨æœºæ„è¡Œä¸ºç›‘æ§æœåŠ¡...
WARNING:werkzeug: * Debugger is active!
INFO:werkzeug: * Debugger PIN: 140-026-890
INFO:werkzeug: * Detected change in '/Users/aaron/Marketbrew/market_sentiment_analyzer.py', reloading
INFO:werkzeug: * Restarting with stat
INFO:__main__:å¯åŠ¨æœºæ„è¡Œä¸ºç›‘æ§æœåŠ¡...
WARNING:werkzeug: * Debugger is active!
INFO:werkzeug: * Debugger PIN: 140-026-890
INFO:werkzeug: * Detected change in '/Users/aaron/Marketbrew/market_sentiment_analyzer.py', reloading
INFO:werkzeug: * Restarting with stat
INFO:__main__:å¯åŠ¨æœºæ„è¡Œä¸ºç›‘æ§æœåŠ¡...
WARNING:werkzeug: * Debugger is active!
INFO:werkzeug: * Debugger PIN: 140-026-890
INFO:werkzeug: * Detected change in '/Users/aaron/Marketbrew/market_sentiment_analyzer.py', reloading
INFO:werkzeug: * Restarting with stat
INFO:__main__:å¯åŠ¨æœºæ„è¡Œä¸ºç›‘æ§æœåŠ¡...
WARNING:werkzeug: * Debugger is active!
INFO:werkzeug: * Debugger PIN: 140-026-890
INFO:werkzeug: * Detected change in '/Users/aaron/Marketbrew/market_sentiment_analyzer.py', reloading
INFO:werkzeug: * Restarting with stat
INFO:__main__:å¯åŠ¨æœºæ„è¡Œä¸ºç›‘æ§æœåŠ¡...
WARNING:werkzeug: * Debugger is active!
INFO:werkzeug: * Debugger PIN: 140-026-890
INFO:werkzeug: * Detected change in '/Users/aaron/Marketbrew/market_sentiment_analyzer.py', reloading
INFO:werkzeug: * Restarting with stat
INFO:__main__:å¯åŠ¨æœºæ„è¡Œä¸ºç›‘æ§æœåŠ¡...
WARNING:werkzeug: * Debugger is active!
INFO:werkzeug: * Debugger PIN: 140-026-890
INFO:werkzeug: * Detected change in '/Users/aaron/Marketbrew/market_sentiment_analyzer.py', reloading
INFO:werkzeug: * Restarting with stat
INFO:__main__:å¯åŠ¨æœºæ„è¡Œä¸ºç›‘æ§æœåŠ¡...
WARNING:werkzeug: * Debugger is active!
INFO:werkzeug: * Debugger PIN: 140-026-890
INFO:werkzeug: * Detected change in '/Users/aaron/Marketbrew/market_sentiment_analyzer.py', reloading
INFO:werkzeug: * Restarting with stat
INFO:__main__:å¯åŠ¨æœºæ„è¡Œä¸ºç›‘æ§æœåŠ¡...
WARNING:werkzeug: * Debugger is active!
INFO:werkzeug: * Debugger PIN: 140-026-890
INFO:werkzeug: * Detected change in '/Users/aaron/Marketbrew/money_flow_analyzer.py', reloading
INFO:werkzeug: * Restarting with stat
INFO:__main__:å¯åŠ¨æœºæ„è¡Œä¸ºç›‘æ§æœåŠ¡...
WARNING:werkzeug: * Debugger is active!
INFO:werkzeug: * Debugger PIN: 140-026-890
INFO:werkzeug: * Detected change in '/Users/aaron/Marketbrew/enhanced_market_temperature_service.py', reloading
INFO:werkzeug: * Restarting with stat
INFO:__main__:å¯åŠ¨æœºæ„è¡Œä¸ºç›‘æ§æœåŠ¡...
WARNING:werkzeug: * Debugger is active!
INFO:werkzeug: * Debugger PIN: 140-026-890
INFO:werkzeug: * Detected change in '/Users/aaron/Marketbrew/enhanced_market_temperature_service.py', reloading
INFO:werkzeug: * Restarting with stat
INFO:__main__:å¯åŠ¨æœºæ„è¡Œä¸ºç›‘æ§æœåŠ¡...
WARNING:werkzeug: * Debugger is active!
INFO:werkzeug: * Debugger PIN: 140-026-890
INFO:werkzeug: * Detected change in '/Users/aaron/Marketbrew/enhanced_market_temperature_service.py', reloading
INFO:werkzeug: * Restarting with stat
INFO:__main__:å¯åŠ¨æœºæ„è¡Œä¸ºç›‘æ§æœåŠ¡...
WARNING:werkzeug: * Debugger is active!
INFO:werkzeug: * Debugger PIN: 140-026-890
INFO:werkzeug: * Detected change in '/Users/aaron/Marketbrew/enhanced_market_temperature_service.py', reloading
INFO:werkzeug: * Restarting with stat
INFO:__main__:å¯åŠ¨æœºæ„è¡Œä¸ºç›‘æ§æœåŠ¡...
WARNING:werkzeug: * Debugger is active!
INFO:werkzeug: * Debugger PIN: 140-026-890
INFO:werkzeug: * Detected change in '/Users/aaron/Marketbrew/money_flow_analyzer.py', reloading
INFO:werkzeug: * Restarting with stat
INFO:__main__:å¯åŠ¨æœºæ„è¡Œä¸ºç›‘æ§æœåŠ¡...
WARNING:werkzeug: * Debugger is active!
INFO:werkzeug: * Debugger PIN: 140-026-890
INFO:werkzeug: * Detected change in '/Users/aaron/Marketbrew/money_flow_analyzer.py', reloading
INFO:werkzeug: * Restarting with stat
INFO:__main__:å¯åŠ¨æœºæ„è¡Œä¸ºç›‘æ§æœåŠ¡...
WARNING:werkzeug: * Debugger is active!
INFO:werkzeug: * Debugger PIN: 140-026-890
INFO:werkzeug: * Detected change in '/Users/aaron/Marketbrew/money_flow_analyzer.py', reloading
INFO:werkzeug: * Restarting with stat
INFO:__main__:å¯åŠ¨æœºæ„è¡Œä¸ºç›‘æ§æœåŠ¡...
WARNING:werkzeug: * Debugger is active!
INFO:werkzeug: * Debugger PIN: 140-026-890
INFO:werkzeug: * Detected change in '/Users/aaron/Marketbrew/money_flow_analyzer.py', reloading
INFO:werkzeug: * Restarting with stat
INFO:__main__:å¯åŠ¨æœºæ„è¡Œä¸ºç›‘æ§æœåŠ¡...
WARNING:werkzeug: * Debugger is active!
INFO:werkzeug: * Debugger PIN: 140-026-890
INFO:werkzeug: * Detected change in '/Users/aaron/Marketbrew/money_flow_analyzer.py', reloading
INFO:werkzeug: * Restarting with stat
INFO:__main__:å¯åŠ¨æœºæ„è¡Œä¸ºç›‘æ§æœåŠ¡...
WARNING:werkzeug: * Debugger is active!
INFO:werkzeug: * Debugger PIN: 140-026-890
INFO:werkzeug: * Detected change in '/Users/aaron/Marketbrew/money_flow_analyzer.py', reloading
INFO:werkzeug: * Restarting with stat
INFO:__main__:å¯åŠ¨æœºæ„è¡Œä¸ºç›‘æ§æœåŠ¡...
WARNING:werkzeug: * Debugger is active!
INFO:werkzeug: * Debugger PIN: 140-026-890
INFO:werkzeug: * Detected change in '/Users/aaron/Marketbrew/enhanced_market_temperature_service.py', reloading
INFO:werkzeug: * Restarting with stat
INFO:__main__:å¯åŠ¨æœºæ„è¡Œä¸ºç›‘æ§æœåŠ¡...
WARNING:werkzeug: * Debugger is active!
INFO:werkzeug: * Debugger PIN: 140-026-890
INFO:werkzeug: * Detected change in '/Users/aaron/Marketbrew/enhanced_market_temperature_service.py', reloading
INFO:werkzeug: * Restarting with stat
INFO:__main__:å¯åŠ¨æœºæ„è¡Œä¸ºç›‘æ§æœåŠ¡...
WARNING:werkzeug: * Debugger is active!
INFO:werkzeug: * Debugger PIN: 140-026-890
INFO:werkzeug: * Detected change in '/Users/aaron/Marketbrew/enhanced_market_temperature_service.py', reloading
INFO:werkzeug: * Restarting with stat
INFO:__main__:å¯åŠ¨æœºæ„è¡Œä¸ºç›‘æ§æœåŠ¡...
WARNING:werkzeug: * Debugger is active!
INFO:werkzeug: * Debugger PIN: 140-026-890
INFO:werkzeug: * Detected change in '/Users/aaron/Marketbrew/market_temperature_analyzer.py', reloading
INFO:werkzeug: * Restarting with stat
INFO:__main__:å¯åŠ¨æœºæ„è¡Œä¸ºç›‘æ§æœåŠ¡...
WARNING:werkzeug: * Debugger is active!
INFO:werkzeug: * Debugger PIN: 140-026-890
INFO:werkzeug: * Detected change in '/Users/aaron/Marketbrew/market_temperature_analyzer.py', reloading
INFO:werkzeug: * Restarting with stat
INFO:__main__:å¯åŠ¨æœºæ„è¡Œä¸ºç›‘æ§æœåŠ¡...
WARNING:werkzeug: * Debugger is active!
INFO:werkzeug: * Debugger PIN: 140-026-890
INFO:werkzeug: * Detected change in '/Users/aaron/Marketbrew/market_temperature_analyzer.py', reloading
INFO:werkzeug: * Restarting with stat
INFO:__main__:å¯åŠ¨æœºæ„è¡Œä¸ºç›‘æ§æœåŠ¡...
WARNING:werkzeug: * Debugger is active!
INFO:werkzeug: * Debugger PIN: 140-026-890
INFO:werkzeug: * Detected change in '/Users/aaron/Marketbrew/money_flow_analyzer.py', reloading
INFO:werkzeug: * Restarting with stat
INFO:__main__:å¯åŠ¨æœºæ„è¡Œä¸ºç›‘æ§æœåŠ¡...
WARNING:werkzeug: * Debugger is active!
INFO:werkzeug: * Debugger PIN: 140-026-890
INFO:werkzeug: * Detected change in '/Users/aaron/Marketbrew/money_flow_analyzer.py', reloading
INFO:werkzeug: * Restarting with stat
INFO:__main__:å¯åŠ¨æœºæ„è¡Œä¸ºç›‘æ§æœåŠ¡...
WARNING:werkzeug: * Debugger is active!
INFO:werkzeug: * Debugger PIN: 140-026-890
INFO:werkzeug: * Detected change in '/Users/aaron/Marketbrew/money_flow_analyzer.py', reloading
INFO:werkzeug: * Restarting with stat
INFO:__main__:å¯åŠ¨æœºæ„è¡Œä¸ºç›‘æ§æœåŠ¡...
WARNING:werkzeug: * Debugger is active!
INFO:werkzeug: * Debugger PIN: 140-026-890
INFO:werkzeug: * Detected change in '/Users/aaron/Marketbrew/money_flow_analyzer.py', reloading
INFO:werkzeug: * Restarting with stat
INFO:__main__:å¯åŠ¨æœºæ„è¡Œä¸ºç›‘æ§æœåŠ¡...
WARNING:werkzeug: * Debugger is active!
INFO:werkzeug: * Debugger PIN: 140-026-890
INFO:werkzeug: * Detected change in '/Users/aaron/Marketbrew/money_flow_analyzer.py', reloading
INFO:werkzeug: * Restarting with stat
INFO:__main__:å¯åŠ¨æœºæ„è¡Œä¸ºç›‘æ§æœåŠ¡...
WARNING:werkzeug: * Debugger is active!
INFO:werkzeug: * Debugger PIN: 140-026-890
INFO:werkzeug: * Detected change in '/Users/aaron/Marketbrew/money_flow_analyzer.py', reloading
INFO:werkzeug: * Restarting with stat
INFO:__main__:å¯åŠ¨æœºæ„è¡Œä¸ºç›‘æ§æœåŠ¡...
WARNING:werkzeug: * Debugger is active!
INFO:werkzeug: * Debugger PIN: 140-026-890
INFO:werkzeug: * Detected change in '/Users/aaron/Marketbrew/money_flow_analyzer.py', reloading
INFO:werkzeug: * Restarting with stat
INFO:__main__:å¯åŠ¨æœºæ„è¡Œä¸ºç›‘æ§æœåŠ¡...
WARNING:werkzeug: * Debugger is active!
INFO:werkzeug: * Debugger PIN: 140-026-890
INFO:werkzeug: * Detected change in '/Users/aaron/Marketbrew/money_flow_analyzer.py', reloading
INFO:werkzeug: * Restarting with stat
INFO:__main__:å¯åŠ¨æœºæ„è¡Œä¸ºç›‘æ§æœåŠ¡...
WARNING:werkzeug: * Debugger is active!
INFO:werkzeug: * Debugger PIN: 140-026-890
INFO:werkzeug: * Detected change in '/Users/aaron/Marketbrew/enhanced_market_temperature_service.py', reloading
INFO:werkzeug: * Restarting with stat
INFO:__main__:å¯åŠ¨æœºæ„è¡Œä¸ºç›‘æ§æœåŠ¡...
WARNING:werkzeug: * Debugger is active!
INFO:werkzeug: * Debugger PIN: 140-026-890
INFO:werkzeug: * Detected change in '/Users/aaron/Marketbrew/enhanced_market_temperature_service.py', reloading
INFO:werkzeug: * Restarting with stat
INFO:__main__:å¯åŠ¨æœºæ„è¡Œä¸ºç›‘æ§æœåŠ¡...
WARNING:werkzeug: * Debugger is active!
INFO:werkzeug: * Debugger PIN: 140-026-890
INFO:werkzeug: * Detected change in '/Users/aaron/Marketbrew/enhanced_market_temperature_service.py', reloading
INFO:werkzeug: * Restarting with stat
INFO:__main__:å¯åŠ¨æœºæ„è¡Œä¸ºç›‘æ§æœåŠ¡...
WARNING:werkzeug: * Debugger is active!
INFO:werkzeug: * Debugger PIN: 140-026-890
INFO:werkzeug: * Detected change in '/Users/aaron/Marketbrew/enhanced_market_temperature_service.py', reloading
INFO:werkzeug: * Restarting with stat
INFO:__main__:å¯åŠ¨æœºæ„è¡Œä¸ºç›‘æ§æœåŠ¡...
WARNING:werkzeug: * Debugger is active!
INFO:werkzeug: * Debugger PIN: 140-026-890
INFO:werkzeug: * Detected change in '/Users/aaron/Marketbrew/enhanced_market_temperature_service.py', reloading
INFO:werkzeug: * Restarting with stat
INFO:__main__:å¯åŠ¨æœºæ„è¡Œä¸ºç›‘æ§æœåŠ¡...
WARNING:werkzeug: * Debugger is active!
INFO:werkzeug: * Debugger PIN: 140-026-890
INFO:werkzeug: * Detected change in '/Users/aaron/Marketbrew/market_temperature_analyzer.py', reloading
INFO:werkzeug: * Restarting with stat
INFO:__main__:å¯åŠ¨æœºæ„è¡Œä¸ºç›‘æ§æœåŠ¡...
WARNING:werkzeug: * Debugger is active!
INFO:werkzeug: * Debugger PIN: 140-026-890
INFO:werkzeug: * Detected change in '/Users/aaron/Marketbrew/money_flow_analyzer.py', reloading
INFO:werkzeug: * Restarting with stat
INFO:__main__:å¯åŠ¨æœºæ„è¡Œä¸ºç›‘æ§æœåŠ¡...
WARNING:werkzeug: * Debugger is active!
INFO:werkzeug: * Debugger PIN: 140-026-890
INFO:werkzeug: * Detected change in '/Users/aaron/Marketbrew/money_flow_analyzer.py', reloading
INFO:werkzeug: * Restarting with stat
INFO:__main__:å¯åŠ¨æœºæ„è¡Œä¸ºç›‘æ§æœåŠ¡...
WARNING:werkzeug: * Debugger is active!
INFO:werkzeug: * Debugger PIN: 140-026-890
INFO:werkzeug: * Detected change in '/Users/aaron/Marketbrew/money_flow_analyzer.py', reloading
INFO:werkzeug: * Restarting with stat
INFO:__main__:å¯åŠ¨æœºæ„è¡Œä¸ºç›‘æ§æœåŠ¡...
WARNING:werkzeug: * Debugger is active!
INFO:werkzeug: * Debugger PIN: 140-026-890
INFO:werkzeug: * Detected change in '/Users/aaron/Marketbrew/money_flow_analyzer.py', reloading
INFO:werkzeug: * Restarting with stat
INFO:__main__:å¯åŠ¨æœºæ„è¡Œä¸ºç›‘æ§æœåŠ¡...
WARNING:werkzeug: * Debugger is active!
INFO:werkzeug: * Debugger PIN: 140-026-890
INFO:werkzeug: * Detected change in '/Users/aaron/Marketbrew/money_flow_analyzer.py', reloading
INFO:werkzeug: * Restarting with stat
INFO:__main__:å¯åŠ¨æœºæ„è¡Œä¸ºç›‘æ§æœåŠ¡...
WARNING:werkzeug: * Debugger is active!
INFO:werkzeug: * Debugger PIN: 140-026-890
INFO:werkzeug: * Detected change in '/Users/aaron/Marketbrew/money_flow_analyzer.py', reloading
INFO:werkzeug: * Restarting with stat
INFO:__main__:å¯åŠ¨æœºæ„è¡Œä¸ºç›‘æ§æœåŠ¡...
WARNING:werkzeug: * Debugger is active!
INFO:werkzeug: * Debugger PIN: 140-026-890
INFO:werkzeug: * Detected change in '/Users/aaron/Marketbrew/money_flow_analyzer.py', reloading
INFO:werkzeug: * Restarting with stat
INFO:__main__:å¯åŠ¨æœºæ„è¡Œä¸ºç›‘æ§æœåŠ¡...
WARNING:werkzeug: * Debugger is active!
INFO:werkzeug: * Debugger PIN: 140-026-890
INFO:werkzeug: * Detected change in '/Users/aaron/Marketbrew/money_flow_analyzer.py', reloading
INFO:werkzeug: * Restarting with stat
INFO:__main__:å¯åŠ¨æœºæ„è¡Œä¸ºç›‘æ§æœåŠ¡...
WARNING:werkzeug: * Debugger is active!
INFO:werkzeug: * Debugger PIN: 140-026-890
INFO:werkzeug: * Detected change in '/Users/aaron/Marketbrew/money_flow_analyzer.py', reloading
INFO:werkzeug: * Restarting with stat
INFO:__main__:å¯åŠ¨æœºæ„è¡Œä¸ºç›‘æ§æœåŠ¡...
WARNING:werkzeug: * Debugger is active!
INFO:werkzeug: * Debugger PIN: 140-026-890
INFO:werkzeug: * Detected change in '/Users/aaron/Marketbrew/market_sentiment_analyzer.py', reloading
INFO:werkzeug: * Restarting with stat
INFO:__main__:å¯åŠ¨æœºæ„è¡Œä¸ºç›‘æ§æœåŠ¡...
WARNING:werkzeug: * Debugger is active!
INFO:werkzeug: * Debugger PIN: 140-026-890
INFO:werkzeug: * Detected change in '/Users/aaron/Marketbrew/market_temperature_analyzer.py', reloading
INFO:werkzeug: * Restarting with stat
INFO:__main__:å¯åŠ¨æœºæ„è¡Œä¸ºç›‘æ§æœåŠ¡...
WARNING:werkzeug: * Debugger is active!
INFO:werkzeug: * Debugger PIN: 140-026-890
INFO:werkzeug: * Detected change in '/Users/aaron/Marketbrew/market_temperature_analyzer.py', reloading
INFO:werkzeug: * Restarting with stat
INFO:__main__:å¯åŠ¨æœºæ„è¡Œä¸ºç›‘æ§æœåŠ¡...
WARNING:werkzeug: * Debugger is active!
INFO:werkzeug: * Debugger PIN: 140-026-890
INFO:werkzeug: * Detected change in '/Users/aaron/Marketbrew/market_temperature_analyzer.py', reloading
INFO:werkzeug: * Restarting with stat
INFO:__main__:å¯åŠ¨æœºæ„è¡Œä¸ºç›‘æ§æœåŠ¡...
WARNING:werkzeug: * Debugger is active!
INFO:werkzeug: * Debugger PIN: 140-026-890
INFO:werkzeug: * Detected change in '/Users/aaron/Marketbrew/market_temperature_analyzer.py', reloading
INFO:werkzeug: * Restarting with stat
INFO:__main__:å¯åŠ¨æœºæ„è¡Œä¸ºç›‘æ§æœåŠ¡...
WARNING:werkzeug: * Debugger is active!
INFO:werkzeug: * Debugger PIN: 140-026-890
INFO:werkzeug: * Detected change in '/Users/aaron/Marketbrew/market_temperature_analyzer.py', reloading
INFO:werkzeug: * Restarting with stat
INFO:__main__:å¯åŠ¨æœºæ„è¡Œä¸ºç›‘æ§æœåŠ¡...
WARNING:werkzeug: * Debugger is active!
INFO:werkzeug: * Debugger PIN: 140-026-890
INFO:werkzeug: * Detected change in '/Users/aaron/Marketbrew/market_temperature_analyzer.py', reloading
INFO:werkzeug: * Restarting with stat
INFO:__main__:å¯åŠ¨æœºæ„è¡Œä¸ºç›‘æ§æœåŠ¡...
WARNING:werkzeug: * Debugger is active!
INFO:werkzeug: * Debugger PIN: 140-026-890
INFO:werkzeug: * Detected change in '/Users/aaron/Marketbrew/enhanced_market_temperature_service.py', reloading
INFO:werkzeug: * Restarting with stat
INFO:__main__:å¯åŠ¨æœºæ„è¡Œä¸ºç›‘æ§æœåŠ¡...
WARNING:werkzeug: * Debugger is active!
INFO:werkzeug: * Debugger PIN: 140-026-890
INFO:werkzeug: * Detected change in '/Users/aaron/Marketbrew/enhanced_market_temperature_service.py', reloading
INFO:werkzeug: * Restarting with stat
INFO:__main__:å¯åŠ¨æœºæ„è¡Œä¸ºç›‘æ§æœåŠ¡...
WARNING:werkzeug: * Debugger is active!
INFO:werkzeug: * Debugger PIN: 140-026-890
INFO:werkzeug: * Detected change in '/Users/aaron/Marketbrew/enhanced_market_temperature_service.py', reloading
INFO:werkzeug: * Restarting with stat
INFO:__main__:å¯åŠ¨æœºæ„è¡Œä¸ºç›‘æ§æœåŠ¡...
WARNING:werkzeug: * Debugger is active!
INFO:werkzeug: * Debugger PIN: 140-026-890
INFO:werkzeug: * Detected change in '/Users/aaron/Marketbrew/market_emotion_indicators.py', reloading
INFO:werkzeug: * Restarting with stat
INFO:__main__:å¯åŠ¨æœºæ„è¡Œä¸ºç›‘æ§æœåŠ¡...
WARNING:werkzeug: * Debugger is active!
INFO:werkzeug: * Debugger PIN: 140-026-890
INFO:werkzeug: * Detected change in '/Users/aaron/Marketbrew/market_emotion_indicators.py', reloading
INFO:werkzeug: * Restarting with stat
INFO:__main__:å¯åŠ¨æœºæ„è¡Œä¸ºç›‘æ§æœåŠ¡...
WARNING:werkzeug: * Debugger is active!
INFO:werkzeug: * Debugger PIN: 140-026-890
INFO:werkzeug: * Detected change in '/Users/aaron/Marketbrew/money_flow_analyzer.py', reloading
INFO:werkzeug: * Restarting with stat
INFO:__main__:å¯åŠ¨æœºæ„è¡Œä¸ºç›‘æ§æœåŠ¡...
WARNING:werkzeug: * Debugger is active!
INFO:werkzeug: * Debugger PIN: 140-026-890
INFO:werkzeug: * Detected change in '/Users/aaron/Marketbrew/money_flow_analyzer.py', reloading
INFO:werkzeug: * Restarting with stat
INFO:__main__:å¯åŠ¨æœºæ„è¡Œä¸ºç›‘æ§æœåŠ¡...
WARNING:werkzeug: * Debugger is active!
INFO:werkzeug: * Debugger PIN: 140-026-890
INFO:werkzeug: * Detected change in '/Users/aaron/Marketbrew/money_flow_analyzer.py', reloading
INFO:werkzeug: * Restarting with stat
INFO:__main__:å¯åŠ¨æœºæ„è¡Œä¸ºç›‘æ§æœåŠ¡...
WARNING:werkzeug: * Debugger is active!
INFO:werkzeug: * Debugger PIN: 140-026-890
INFO:werkzeug: * Detected change in '/Users/aaron/Marketbrew/money_flow_analyzer.py', reloading
INFO:werkzeug: * Restarting with stat
INFO:__main__:å¯åŠ¨æœºæ„è¡Œä¸ºç›‘æ§æœåŠ¡...
WARNING:werkzeug: * Debugger is active!
INFO:werkzeug: * Debugger PIN: 140-026-890
INFO:werkzeug: * Detected change in '/Users/aaron/Marketbrew/enhanced_market_temperature_service.py', reloading
INFO:werkzeug: * Restarting with stat
INFO:__main__:å¯åŠ¨æœºæ„è¡Œä¸ºç›‘æ§æœåŠ¡...
WARNING:werkzeug: * Debugger is active!
INFO:werkzeug: * Debugger PIN: 140-026-890
INFO:werkzeug: * Detected change in '/Users/aaron/Marketbrew/enhanced_market_temperature_service.py', reloading
INFO:werkzeug: * Restarting with stat
INFO:__main__:å¯åŠ¨æœºæ„è¡Œä¸ºç›‘æ§æœåŠ¡...
WARNING:werkzeug: * Debugger is active!
INFO:werkzeug: * Debugger PIN: 140-026-890
INFO:werkzeug: * Detected change in '/Users/aaron/Marketbrew/enhanced_market_temperature_service.py', reloading
INFO:werkzeug: * Restarting with stat
INFO:__main__:å¯åŠ¨æœºæ„è¡Œä¸ºç›‘æ§æœåŠ¡...
WARNING:werkzeug: * Debugger is active!
INFO:werkzeug: * Debugger PIN: 140-026-890
INFO:werkzeug: * Detected change in '/Users/aaron/Marketbrew/enhanced_market_temperature_service.py', reloading
INFO:werkzeug: * Restarting with stat
INFO:__main__:å¯åŠ¨æœºæ„è¡Œä¸ºç›‘æ§æœåŠ¡...
WARNING:werkzeug: * Debugger is active!
INFO:werkzeug: * Debugger PIN: 140-026-890
INFO:werkzeug: * Detected change in '/Users/aaron/Marketbrew/enhanced_market_temperature_service.py', reloading
INFO:werkzeug: * Restarting with stat
INFO:__main__:å¯åŠ¨æœºæ„è¡Œä¸ºç›‘æ§æœåŠ¡...
WARNING:werkzeug: * Debugger is active!
INFO:werkzeug: * Debugger PIN: 140-026-890
INFO:werkzeug: * Detected change in '/Users/aaron/Marketbrew/enhanced_market_temperature_service.py', reloading
INFO:werkzeug: * Restarting with stat
INFO:__main__:å¯åŠ¨æœºæ„è¡Œä¸ºç›‘æ§æœåŠ¡...
WARNING:werkzeug: * Debugger is active!
INFO:werkzeug: * Debugger PIN: 140-026-890
INFO:werkzeug: * Detected change in '/Users/aaron/Marketbrew/enhanced_market_temperature_service.py', reloading
INFO:werkzeug: * Restarting with stat
INFO:__main__:å¯åŠ¨æœºæ„è¡Œä¸ºç›‘æ§æœåŠ¡...
WARNING:werkzeug: * Debugger is active!
INFO:werkzeug: * Debugger PIN: 140-026-890
INFO:werkzeug: * Detected change in '/Users/aaron/Marketbrew/enhanced_market_temperature_service.py', reloading
INFO:werkzeug: * Restarting with stat
INFO:__main__:å¯åŠ¨æœºæ„è¡Œä¸ºç›‘æ§æœåŠ¡...
WARNING:werkzeug: * Debugger is active!
INFO:werkzeug: * Debugger PIN: 140-026-890
INFO:werkzeug: * Detected change in '/Users/aaron/Marketbrew/enhanced_market_temperature_service.py', reloading
INFO:werkzeug: * Restarting with stat
INFO:__main__:å¯åŠ¨æœºæ„è¡Œä¸ºç›‘æ§æœåŠ¡...
WARNING:werkzeug: * Debugger is active!
INFO:werkzeug: * Debugger PIN: 140-026-890
INFO:werkzeug: * Detected change in '/Users/aaron/Marketbrew/enhanced_market_temperature_service.py', reloading
INFO:werkzeug: * Restarting with stat
INFO:__main__:å¯åŠ¨æœºæ„è¡Œä¸ºç›‘æ§æœåŠ¡...
WARNING:werkzeug: * Debugger is active!
INFO:werkzeug: * Debugger PIN: 140-026-890
INFO:werkzeug: * Detected change in '/Users/aaron/Marketbrew/enhanced_market_temperature_service.py', reloading
INFO:werkzeug: * Restarting with stat
INFO:__main__:å¯åŠ¨æœºæ„è¡Œä¸ºç›‘æ§æœåŠ¡...
WARNING:werkzeug: * Debugger is active!
INFO:werkzeug: * Debugger PIN: 140-026-890
INFO:werkzeug: * Detected change in '/Users/aaron/Marketbrew/eastmoney_api_enhanced.py', reloading
INFO:werkzeug: * Restarting with stat
INFO:__main__:å¯åŠ¨æœºæ„è¡Œä¸ºç›‘æ§æœåŠ¡...
WARNING:werkzeug: * Debugger is active!
INFO:werkzeug: * Debugger PIN: 140-026-890
INFO:werkzeug: * Detected change in '/Users/aaron/Marketbrew/eastmoney_api_enhanced.py', reloading
INFO:werkzeug: * Restarting with stat
INFO:__main__:å¯åŠ¨æœºæ„è¡Œä¸ºç›‘æ§æœåŠ¡...
WARNING:werkzeug: * Debugger is active!
INFO:werkzeug: * Debugger PIN: 140-026-890
INFO:werkzeug: * Detected change in '/Users/aaron/Marketbrew/money_flow_analyzer.py', reloading
INFO:werkzeug: * Restarting with stat
INFO:__main__:å¯åŠ¨æœºæ„è¡Œä¸ºç›‘æ§æœåŠ¡...
WARNING:werkzeug: * Debugger is active!
INFO:werkzeug: * Debugger PIN: 140-026-890
INFO:werkzeug: * Detected change in '/Users/aaron/Marketbrew/money_flow_analyzer.py', reloading
INFO:werkzeug: * Restarting with stat
INFO:__main__:å¯åŠ¨æœºæ„è¡Œä¸ºç›‘æ§æœåŠ¡...
WARNING:werkzeug: * Debugger is active!
INFO:werkzeug: * Debugger PIN: 140-026-890
INFO:werkzeug: * Detected change in '/Users/aaron/Marketbrew/money_flow_analyzer.py', reloading
INFO:werkzeug: * Restarting with stat
INFO:__main__:å¯åŠ¨æœºæ„è¡Œä¸ºç›‘æ§æœåŠ¡...
WARNING:werkzeug: * Debugger is active!
INFO:werkzeug: * Debugger PIN: 140-026-890
INFO:werkzeug: * Detected change in '/Users/aaron/Marketbrew/money_flow_analyzer.py', reloading
INFO:werkzeug: * Restarting with stat
INFO:__main__:å¯åŠ¨æœºæ„è¡Œä¸ºç›‘æ§æœåŠ¡...
WARNING:werkzeug: * Debugger is active!
INFO:werkzeug: * Debugger PIN: 140-026-890
INFO:werkzeug: * Detected change in '/Users/aaron/Marketbrew/money_flow_analyzer.py', reloading
INFO:werkzeug: * Restarting with stat
INFO:__main__:å¯åŠ¨æœºæ„è¡Œä¸ºç›‘æ§æœåŠ¡...
WARNING:werkzeug: * Debugger is active!
INFO:werkzeug: * Debugger PIN: 140-026-890
INFO:werkzeug: * Detected change in '/Users/aaron/Marketbrew/money_flow_analyzer.py', reloading
INFO:werkzeug: * Restarting with stat
INFO:__main__:å¯åŠ¨æœºæ„è¡Œä¸ºç›‘æ§æœåŠ¡...
WARNING:werkzeug: * Debugger is active!
INFO:werkzeug: * Debugger PIN: 140-026-890
INFO:werkzeug: * Detected change in '/Users/aaron/Marketbrew/money_flow_analyzer.py', reloading
INFO:werkzeug: * Restarting with stat
INFO:__main__:å¯åŠ¨æœºæ„è¡Œä¸ºç›‘æ§æœåŠ¡...
WARNING:werkzeug: * Debugger is active!
INFO:werkzeug: * Debugger PIN: 140-026-890
INFO:werkzeug: * Detected change in '/Users/aaron/Marketbrew/money_flow_analyzer.py', reloading
INFO:werkzeug: * Restarting with stat
INFO:__main__:å¯åŠ¨æœºæ„è¡Œä¸ºç›‘æ§æœåŠ¡...
WARNING:werkzeug: * Debugger is active!
INFO:werkzeug: * Debugger PIN: 140-026-890
INFO:werkzeug: * Detected change in '/Users/aaron/Marketbrew/money_flow_analyzer.py', reloading
INFO:werkzeug: * Restarting with stat
INFO:__main__:å¯åŠ¨æœºæ„è¡Œä¸ºç›‘æ§æœåŠ¡...
WARNING:werkzeug: * Debugger is active!
INFO:werkzeug: * Debugger PIN: 140-026-890
INFO:werkzeug: * Detected change in '/Users/aaron/Marketbrew/money_flow_analyzer.py', reloading
INFO:werkzeug: * Restarting with stat
INFO:__main__:å¯åŠ¨æœºæ„è¡Œä¸ºç›‘æ§æœåŠ¡...
WARNING:werkzeug: * Debugger is active!
INFO:werkzeug: * Debugger PIN: 140-026-890
INFO:werkzeug: * Detected change in '/Users/aaron/Marketbrew/money_flow_analyzer.py', reloading
INFO:werkzeug: * Restarting with stat
INFO:__main__:å¯åŠ¨æœºæ„è¡Œä¸ºç›‘æ§æœåŠ¡...
WARNING:werkzeug: * Debugger is active!
INFO:werkzeug: * Debugger PIN: 140-026-890
INFO:werkzeug: * Detected change in '/Users/aaron/Marketbrew/money_flow_analyzer.py', reloading
INFO:werkzeug: * Restarting with stat
INFO:__main__:å¯åŠ¨æœºæ„è¡Œä¸ºç›‘æ§æœåŠ¡...
WARNING:werkzeug: * Debugger is active!
INFO:werkzeug: * Debugger PIN: 140-026-890
INFO:werkzeug: * Detected change in '/Users/aaron/Marketbrew/money_flow_analyzer.py', reloading
INFO:werkzeug: * Restarting with stat
INFO:__main__:å¯åŠ¨æœºæ„è¡Œä¸ºç›‘æ§æœåŠ¡...
WARNING:werkzeug: * Debugger is active!
INFO:werkzeug: * Debugger PIN: 140-026-890
INFO:werkzeug: * Detected change in '/Users/aaron/Marketbrew/money_flow_analyzer.py', reloading
INFO:werkzeug: * Restarting with stat
INFO:__main__:å¯åŠ¨æœºæ„è¡Œä¸ºç›‘æ§æœåŠ¡...
WARNING:werkzeug: * Debugger is active!
INFO:werkzeug: * Debugger PIN: 140-026-890
INFO:werkzeug: * Detected change in '/Users/aaron/Marketbrew/money_flow_analyzer.py', reloading
INFO:werkzeug: * Restarting with stat
INFO:__main__:å¯åŠ¨æœºæ„è¡Œä¸ºç›‘æ§æœåŠ¡...
WARNING:werkzeug: * Debugger is active!
INFO:werkzeug: * Debugger PIN: 140-026-890
INFO:werkzeug: * Detected change in '/Users/aaron/Marketbrew/money_flow_analyzer.py', reloading
INFO:werkzeug: * Restarting with stat
INFO:__main__:å¯åŠ¨æœºæ„è¡Œä¸ºç›‘æ§æœåŠ¡...
WARNING:werkzeug: * Debugger is active!
INFO:werkzeug: * Debugger PIN: 140-026-890
INFO:werkzeug: * Detected change in '/Users/aaron/Marketbrew/market_sentiment_analyzer.py', reloading
INFO:werkzeug: * Restarting with stat
INFO:__main__:å¯åŠ¨æœºæ„è¡Œä¸ºç›‘æ§æœåŠ¡...
WARNING:werkzeug: * Debugger is active!
INFO:werkzeug: * Debugger PIN: 140-026-890
INFO:werkzeug: * Detected change in '/Users/aaron/Marketbrew/eastmoney_api_enhanced.py', reloading
INFO:werkzeug: * Restarting with stat
INFO:__main__:å¯åŠ¨æœºæ„è¡Œä¸ºç›‘æ§æœåŠ¡...
WARNING:werkzeug: * Debugger is active!
INFO:werkzeug: * Debugger PIN: 140-026-890
INFO:werkzeug: * Detected change in '/Users/aaron/Marketbrew/eastmoney_api_enhanced.py', reloading
INFO:werkzeug: * Restarting with stat
INFO:__main__:å¯åŠ¨æœºæ„è¡Œä¸ºç›‘æ§æœåŠ¡...
WARNING:werkzeug: * Debugger is active!
INFO:werkzeug: * Debugger PIN: 140-026-890
INFO:werkzeug: * Detected change in '/Users/aaron/Marketbrew/eastmoney_api_enhanced.py', reloading
INFO:werkzeug: * Restarting with stat
INFO:__main__:å¯åŠ¨æœºæ„è¡Œä¸ºç›‘æ§æœåŠ¡...
WARNING:werkzeug: * Debugger is active!
INFO:werkzeug: * Debugger PIN: 140-026-890
INFO:werkzeug: * Detected change in '/Users/aaron/Marketbrew/eastmoney_api_enhanced.py', reloading
INFO:werkzeug: * Restarting with stat
INFO:__main__:å¯åŠ¨æœºæ„è¡Œä¸ºç›‘æ§æœåŠ¡...
WARNING:werkzeug: * Debugger is active!
INFO:werkzeug: * Debugger PIN: 140-026-890
INFO:werkzeug: * Detected change in '/Users/aaron/Marketbrew/eastmoney_api_enhanced.py', reloading
INFO:werkzeug: * Restarting with stat
INFO:__main__:å¯åŠ¨æœºæ„è¡Œä¸ºç›‘æ§æœåŠ¡...
WARNING:werkzeug: * Debugger is active!
INFO:werkzeug: * Debugger PIN: 140-026-890
INFO:werkzeug: * Detected change in '/Users/aaron/Marketbrew/eastmoney_api_enhanced.py', reloading
INFO:werkzeug: * Restarting with stat
INFO:__main__:å¯åŠ¨æœºæ„è¡Œä¸ºç›‘æ§æœåŠ¡...
WARNING:werkzeug: * Debugger is active!
INFO:werkzeug: * Debugger PIN: 140-026-890
INFO:werkzeug: * Detected change in '/Users/aaron/Marketbrew/eastmoney_api_enhanced.py', reloading
INFO:werkzeug: * Restarting with stat
INFO:__main__:å¯åŠ¨æœºæ„è¡Œä¸ºç›‘æ§æœåŠ¡...
WARNING:werkzeug: * Debugger is active!
INFO:werkzeug: * Debugger PIN: 140-026-890
INFO:werkzeug: * Detected change in '/Users/aaron/Marketbrew/eastmoney_api_enhanced.py', reloading
INFO:werkzeug: * Restarting with stat
INFO:__main__:å¯åŠ¨æœºæ„è¡Œä¸ºç›‘æ§æœåŠ¡...
WARNING:werkzeug: * Debugger is active!
INFO:werkzeug: * Debugger PIN: 140-026-890
INFO:werkzeug: * Detected change in '/Users/aaron/Marketbrew/eastmoney_api_enhanced.py', reloading
INFO:werkzeug: * Restarting with stat
INFO:__main__:å¯åŠ¨æœºæ„è¡Œä¸ºç›‘æ§æœåŠ¡...
WARNING:werkzeug: * Debugger is active!
INFO:werkzeug: * Debugger PIN: 140-026-890
INFO:werkzeug: * Detected change in '/Users/aaron/Marketbrew/emq_api_client.py', reloading
INFO:werkzeug: * Restarting with stat
INFO:__main__:å¯åŠ¨æœºæ„è¡Œä¸ºç›‘æ§æœåŠ¡...
WARNING:werkzeug: * Debugger is active!
INFO:werkzeug: * Debugger PIN: 140-026-890
INFO:werkzeug: * Detected change in '/Users/aaron/Marketbrew/emq_api_client.py', reloading
INFO:werkzeug: * Restarting with stat
INFO:__main__:å¯åŠ¨æœºæ„è¡Œä¸ºç›‘æ§æœåŠ¡...
WARNING:werkzeug: * Debugger is active!
INFO:werkzeug: * Debugger PIN: 140-026-890
INFO:werkzeug: * Detected change in '/Users/aaron/Marketbrew/emq_api_client.py', reloading
INFO:werkzeug: * Restarting with stat
INFO:__main__:å¯åŠ¨æœºæ„è¡Œä¸ºç›‘æ§æœåŠ¡...
WARNING:werkzeug: * Debugger is active!
INFO:werkzeug: * Debugger PIN: 140-026-890
INFO:werkzeug: * Detected change in '/Users/aaron/Marketbrew/emq_api_client.py', reloading
INFO:werkzeug: * Restarting with stat
INFO:__main__:å¯åŠ¨æœºæ„è¡Œä¸ºç›‘æ§æœåŠ¡...
WARNING:werkzeug: * Debugger is active!
INFO:werkzeug: * Debugger PIN: 140-026-890
INFO:werkzeug: * Detected change in '/Users/aaron/Marketbrew/emq_api_client.py', reloading
INFO:werkzeug: * Restarting with stat
INFO:__main__:å¯åŠ¨æœºæ„è¡Œä¸ºç›‘æ§æœåŠ¡...
WARNING:werkzeug: * Debugger is active!
INFO:werkzeug: * Debugger PIN: 140-026-890
INFO:werkzeug: * Detected change in '/Users/aaron/Marketbrew/emq_api_client.py', reloading
INFO:werkzeug: * Restarting with stat
INFO:__main__:å¯åŠ¨æœºæ„è¡Œä¸ºç›‘æ§æœåŠ¡...
WARNING:werkzeug: * Debugger is active!
INFO:werkzeug: * Debugger PIN: 140-026-890
INFO:werkzeug: * Detected change in '/Users/aaron/Marketbrew/emq_api_client.py', reloading
INFO:werkzeug: * Restarting with stat
INFO:__main__:å¯åŠ¨æœºæ„è¡Œä¸ºç›‘æ§æœåŠ¡...
WARNING:werkzeug: * Debugger is active!
INFO:werkzeug: * Debugger PIN: 140-026-890
INFO:werkzeug: * Detected change in '/Users/aaron/Marketbrew/emq_api_client.py', reloading
INFO:werkzeug: * Restarting with stat
INFO:__main__:å¯åŠ¨æœºæ„è¡Œä¸ºç›‘æ§æœåŠ¡...
WARNING:werkzeug: * Debugger is active!
INFO:werkzeug: * Debugger PIN: 140-026-890
INFO:werkzeug: * Detected change in '/Users/aaron/Marketbrew/emq_api_client.py', reloading
INFO:werkzeug: * Restarting with stat
INFO:__main__:å¯åŠ¨æœºæ„è¡Œä¸ºç›‘æ§æœåŠ¡...
WARNING:werkzeug: * Debugger is active!
INFO:werkzeug: * Debugger PIN: 140-026-890
INFO:werkzeug: * Detected change in '/Users/aaron/Marketbrew/emq_api_client.py', reloading
INFO:werkzeug: * Restarting with stat
INFO:__main__:å¯åŠ¨æœºæ„è¡Œä¸ºç›‘æ§æœåŠ¡...
WARNING:werkzeug: * Debugger is active!
INFO:werkzeug: * Debugger PIN: 140-026-890
